<?xml version="1.0" encoding="UTF-8"?>
<!-- Generated by org.testng.reporters.JUnitReportReporter -->
<testsuite hostname="LENOVO" failures="0" tests="4" name="api.Testcases.TestUsers" time="9.743" errors="0" timestamp="2023-08-02T11:20:23 IST" skipped="0">
  <testcase classname="api.Testcases.TestUsers" name="postusers" time="4.090"/>
  <system-out/>
  <testcase classname="api.Testcases.TestUsers" name="getusers" time="1.512"/>
  <system-out/>
  <testcase classname="api.Testcases.TestUsers" name="putusers" time="2.714"/>
  <system-out/>
  <testcase classname="api.Testcases.TestUsers" name="deleteusers" time="1.427"/>
  <system-out/>
</testsuite> <!-- api.Testcases.TestUsers -->
