<?xml version="1.0" encoding="UTF-8"?>
<!-- Generated by org.testng.reporters.JUnitReportReporter -->
<testsuite hostname="LENOVO" failures="0" tests="12" name="api.Testcases.TestusersDD" time="25.481" errors="0" timestamp="2023-08-03T11:08:09 IST" skipped="0">
  <testcase classname="api.Testcases.TestusersDD" name="postusers" time="1.535"/>
  <system-out/>
  <testcase classname="api.Testcases.TestusersDD" name="postusers" time="3.848"/>
  <system-out/>
  <testcase classname="api.Testcases.TestusersDD" name="postusers" time="1.426"/>
  <system-out/>
  <testcase classname="api.Testcases.TestusersDD" name="Getusers" time="1.417"/>
  <system-out/>
  <testcase classname="api.Testcases.TestusersDD" name="Getusers" time="1.533"/>
  <system-out/>
  <testcase classname="api.Testcases.TestusersDD" name="Getusers" time="1.454"/>
  <system-out/>
  <testcase classname="api.Testcases.TestusersDD" name="putusers" time="3.169"/>
  <system-out/>
  <testcase classname="api.Testcases.TestusersDD" name="putusers" time="2.853"/>
  <system-out/>
  <testcase classname="api.Testcases.TestusersDD" name="putusers" time="3.109"/>
  <system-out/>
  <testcase classname="api.Testcases.TestusersDD" name="Deleteusers" time="1.976"/>
  <system-out/>
  <testcase classname="api.Testcases.TestusersDD" name="Deleteusers" time="1.484"/>
  <system-out/>
  <testcase classname="api.Testcases.TestusersDD" name="Deleteusers" time="1.677"/>
  <system-out/>
</testsuite> <!-- api.Testcases.TestusersDD -->
