<?xml version="1.0" encoding="UTF-8"?>
<!-- Generated by org.testng.reporters.JUnitReportReporter -->
<testsuite hostname="LENOVO" failures="0" tests="12" name="api.Testcases.TestusersDD2" time="20.952" errors="0" timestamp="2023-08-03T16:15:01 IST" skipped="0">
  <testcase classname="api.Testcases.TestusersDD2" name="postusers" time="3.839"/>
  <system-out/>
  <testcase classname="api.Testcases.TestusersDD2" name="postusers" time="1.171"/>
  <system-out/>
  <testcase classname="api.Testcases.TestusersDD2" name="postusers" time="1.244"/>
  <system-out/>
  <testcase classname="api.Testcases.TestusersDD2" name="Getusers" time="1.213"/>
  <system-out/>
  <testcase classname="api.Testcases.TestusersDD2" name="Getusers" time="1.194"/>
  <system-out/>
  <testcase classname="api.Testcases.TestusersDD2" name="Getusers" time="1.210"/>
  <system-out/>
  <testcase classname="api.Testcases.TestusersDD2" name="putusers" time="2.551"/>
  <system-out/>
  <testcase classname="api.Testcases.TestusersDD2" name="putusers" time="2.360"/>
  <system-out/>
  <testcase classname="api.Testcases.TestusersDD2" name="putusers" time="2.487"/>
  <system-out/>
  <testcase classname="api.Testcases.TestusersDD2" name="Deleteusers" time="1.195"/>
  <system-out/>
  <testcase classname="api.Testcases.TestusersDD2" name="Deleteusers" time="1.240"/>
  <system-out/>
  <testcase classname="api.Testcases.TestusersDD2" name="Deleteusers" time="1.248"/>
  <system-out/>
</testsuite> <!-- api.Testcases.TestusersDD2 -->
