<?xml version="1.0" encoding="UTF-8"?>
<!-- Generated by org.testng.reporters.JUnitReportReporter -->
<testsuite hostname="LENOVO" failures="0" tests="12" name="api.Testcases.TestusersDD" time="23.820" errors="0" timestamp="2023-08-04T00:19:38 IST" skipped="0">
  <testcase classname="api.Testcases.TestusersDD" name="postusers" time="1.602"/>
  <system-out/>
  <testcase classname="api.Testcases.TestusersDD" name="postusers" time="4.104"/>
  <system-out/>
  <testcase classname="api.Testcases.TestusersDD" name="postusers" time="1.443"/>
  <system-out/>
  <testcase classname="api.Testcases.TestusersDD" name="Getusers" time="1.350"/>
  <system-out/>
  <testcase classname="api.Testcases.TestusersDD" name="Getusers" time="1.210"/>
  <system-out/>
  <testcase classname="api.Testcases.TestusersDD" name="Getusers" time="1.438"/>
  <system-out/>
  <testcase classname="api.Testcases.TestusersDD" name="putusers" time="3.218"/>
  <system-out/>
  <testcase classname="api.Testcases.TestusersDD" name="putusers" time="2.465"/>
  <system-out/>
  <testcase classname="api.Testcases.TestusersDD" name="putusers" time="2.938"/>
  <system-out/>
  <testcase classname="api.Testcases.TestusersDD" name="Deleteusers" time="1.318"/>
  <system-out/>
  <testcase classname="api.Testcases.TestusersDD" name="Deleteusers" time="1.288"/>
  <system-out/>
  <testcase classname="api.Testcases.TestusersDD" name="Deleteusers" time="1.446"/>
  <system-out/>
</testsuite> <!-- api.Testcases.TestusersDD -->
